<?xml version="1.0" encoding="UTF-8"?>
<!-- Generated by org.testng.reporters.JUnitReportReporter -->
<testsuite skipped="0" hostname="satish" name="test.TestProfile" tests="1" failures="0" timestamp="2020-07-11T22:15:03 IST" time="43.559" errors="0">
  <testcase name="mainMethod" time="43.559" classname="test.TestProfile"/>
  <system-out/>
</testsuite> <!-- test.TestProfile -->
