<?xml version="1.0" encoding="UTF-8"?>
<!-- Generated by org.testng.reporters.JUnitReportReporter -->
<testsuite skipped="0" hostname="satish" name="runner.Runner" tests="1" failures="0" timestamp="2020-07-17T17:56:19 IST" time="69.264" errors="0">
  <testcase name="feature" time="69.264" classname="runner.Runner"/>
  <system-out/>
</testsuite> <!-- runner.Runner -->
